Base path: /Applications/Unity/Unity.app/Contents
Cmd: getPlatforms
Cmd: preprocess
  insize=1351 outsize=300 ok=1
Cmd: preprocess
  insize=1344 outsize=304 ok=1
Cmd: preprocess
  insize=2012 outsize=1140 ok=1
Cmd: preprocess
  insize=2023 outsize=1150 ok=1
Cmd: preprocess
  insize=1125 outsize=1119 ok=1
Cmd: preprocess
  insize=1367 outsize=414 ok=1
Cmd: preprocess
  insize=1076 outsize=1073 ok=1
Cmd: preprocess
  insize=1136 outsize=298 ok=1
Cmd: preprocess
  insize=1200 outsize=361 ok=1
Cmd: preprocess
  insize=1203 outsize=362 ok=1
Cmd: preprocess
  insize=1069 outsize=1197 ok=1
Cmd: preprocess
  insize=1963 outsize=1419 ok=1
Cmd: preprocess
  insize=1088 outsize=1085 ok=1
Cmd: preprocess
  insize=1364 outsize=323 ok=1
Cmd: preprocess
  insize=1134 outsize=1263 ok=1
Cmd: preprocess
  insize=1367 outsize=414 ok=1
Cmd: compileSnippet
  api=15 type=0 insize=7600 outsize=13518 kw=DIRECTIONAL SHADOWS_SCREEN pd=UNITY_ENABLE_REFLECTION_BUFFERS UNITY_PBS_USE_BRDF1 UNITY_SPECCUBE_BOX_PROJECTION UNITY_SPECCUBE_BLENDING SHADER_API_DESKTOP UNITY_COLORSPACE_GAMMA ok=1
Cmd: compileSnippet
  api=15 type=1 insize=7600 outsize=0 kw=DIRECTIONAL SHADOWS_SCREEN pd=UNITY_ENABLE_REFLECTION_BUFFERS UNITY_PBS_USE_BRDF1 UNITY_SPECCUBE_BOX_PROJECTION UNITY_SPECCUBE_BLENDING SHADER_API_DESKTOP UNITY_COLORSPACE_GAMMA ok=1
